<?xml version="1.0" encoding="UTF-8"?>
<!-- Generated by org.testng.reporters.JUnitXMLReporter -->
<testsuite ignored="1" hostname="DESKTOP-62C5BVK" failures="0" tests="1" name="ChromeTest(failed)" time="30.701" errors="0" timestamp="2022-03-10T18:27:36 IST">
  <testcase classname="pack123.Test456" name="verifyCreateUser" time="5.972"/>
  <testcase classname="pack123.Test456" name="verifyCreateAnotherUser" time="0.0">
    <ignored/>
  </testcase> <!-- verifyCreateAnotherUser -->
</testsuite> <!-- ChromeTest(failed) -->
