<?xml version="1.0" encoding="UTF-8"?>
<testng-results ignored="3" total="6" passed="3" failed="0" skipped="0">
  <reporter-output>
  </reporter-output>
  <suite started-at="2022-03-10T18:27:06 IST" name="Failed suite [Suite]" finished-at="2022-03-10T18:28:49 IST" duration-ms="103265">
    <groups>
    </groups>
    <test started-at="2022-03-10T18:27:06 IST" name="ChromeTest(failed)" finished-at="2022-03-10T18:27:36 IST" duration-ms="30701">
      <class name="pack123.Test456">
        <test-method is-config="true" signature="launchBrowser(java.lang.String)[pri:0, instance:pack123.Test456@71def8f8]" started-at="2022-03-10T18:27:06 IST" name="launchBrowser" finished-at="2022-03-10T18:27:08 IST" duration-ms="2385" status="PASS">
          <params>
            <param index="0">
              <value>
                <![CDATA[Chrome]]>
              </value>
            </param>
          </params>
          <reporter-output>
          </reporter-output>
        </test-method> <!-- launchBrowser -->
        <test-method is-config="true" signature="createObjectOfPomClasses()[pri:0, instance:pack123.Test456@71def8f8]" started-at="2022-03-10T18:27:08 IST" name="createObjectOfPomClasses" finished-at="2022-03-10T18:27:08 IST" duration-ms="49" status="PASS">
          <reporter-output>
          </reporter-output>
        </test-method> <!-- createObjectOfPomClasses -->
        <test-method is-config="true" signature="loginToapplication()[pri:0, instance:pack123.Test456@71def8f8]" started-at="2022-03-10T18:27:08 IST" name="loginToapplication" finished-at="2022-03-10T18:27:25 IST" duration-ms="17154" status="PASS">
          <reporter-output>
          </reporter-output>
        </test-method> <!-- loginToapplication -->
        <test-method signature="verifyCreateUser()[pri:0, instance:pack123.Test456@71def8f8]" started-at="2022-03-10T18:27:25 IST" name="verifyCreateUser" finished-at="2022-03-10T18:27:31 IST" duration-ms="5972" status="PASS">
          <reporter-output>
          </reporter-output>
        </test-method> <!-- verifyCreateUser -->
        <test-method is-config="true" signature="logOut()[pri:0, instance:pack123.Test456@71def8f8]" started-at="2022-03-10T18:27:31 IST" name="logOut" finished-at="2022-03-10T18:27:36 IST" duration-ms="4662" status="PASS">
          <reporter-output>
          </reporter-output>
        </test-method> <!-- logOut -->
        <test-method is-config="true" signature="clearPomObject()[pri:0, instance:pack123.Test456@71def8f8]" started-at="2022-03-10T18:27:36 IST" name="clearPomObject" finished-at="2022-03-10T18:27:36 IST" duration-ms="0" status="PASS">
          <reporter-output>
          </reporter-output>
        </test-method> <!-- clearPomObject -->
        <test-method is-config="true" signature="closedBrowser()[pri:0, instance:pack123.Test456@71def8f8]" started-at="2022-03-10T18:27:36 IST" name="closedBrowser" finished-at="2022-03-10T18:27:36 IST" duration-ms="425" status="PASS">
          <reporter-output>
          </reporter-output>
        </test-method> <!-- closedBrowser -->
      </class> <!-- pack123.Test456 -->
    </test> <!-- ChromeTest(failed) -->
    <test started-at="2022-03-10T18:27:36 IST" name="edgeTest(failed)" finished-at="2022-03-10T18:28:12 IST" duration-ms="35078">
      <class name="pack123.Test456">
        <test-method is-config="true" signature="launchBrowser(java.lang.String)[pri:0, instance:pack123.Test456@3ee37e5a]" started-at="2022-03-10T18:27:36 IST" name="launchBrowser" finished-at="2022-03-10T18:27:38 IST" duration-ms="1720" status="PASS">
          <params>
            <param index="0">
              <value>
                <![CDATA[edge]]>
              </value>
            </param>
          </params>
          <reporter-output>
          </reporter-output>
        </test-method> <!-- launchBrowser -->
        <test-method is-config="true" signature="createObjectOfPomClasses()[pri:0, instance:pack123.Test456@3ee37e5a]" started-at="2022-03-10T18:27:38 IST" name="createObjectOfPomClasses" finished-at="2022-03-10T18:27:38 IST" duration-ms="4" status="PASS">
          <reporter-output>
          </reporter-output>
        </test-method> <!-- createObjectOfPomClasses -->
        <test-method is-config="true" signature="loginToapplication()[pri:0, instance:pack123.Test456@3ee37e5a]" started-at="2022-03-10T18:27:38 IST" name="loginToapplication" finished-at="2022-03-10T18:28:00 IST" duration-ms="22166" status="PASS">
          <reporter-output>
          </reporter-output>
        </test-method> <!-- loginToapplication -->
        <test-method signature="verifyCreateUser()[pri:0, instance:pack123.Test456@3ee37e5a]" started-at="2022-03-10T18:28:00 IST" name="verifyCreateUser" finished-at="2022-03-10T18:28:06 IST" duration-ms="5860" status="PASS">
          <reporter-output>
          </reporter-output>
        </test-method> <!-- verifyCreateUser -->
        <test-method is-config="true" signature="logOut()[pri:0, instance:pack123.Test456@3ee37e5a]" started-at="2022-03-10T18:28:06 IST" name="logOut" finished-at="2022-03-10T18:28:11 IST" duration-ms="4848" status="PASS">
          <reporter-output>
          </reporter-output>
        </test-method> <!-- logOut -->
        <test-method is-config="true" signature="clearPomObject()[pri:0, instance:pack123.Test456@3ee37e5a]" started-at="2022-03-10T18:28:11 IST" name="clearPomObject" finished-at="2022-03-10T18:28:11 IST" duration-ms="2" status="PASS">
          <reporter-output>
          </reporter-output>
        </test-method> <!-- clearPomObject -->
        <test-method is-config="true" signature="closedBrowser()[pri:0, instance:pack123.Test456@3ee37e5a]" started-at="2022-03-10T18:28:11 IST" name="closedBrowser" finished-at="2022-03-10T18:28:12 IST" duration-ms="466" status="PASS">
          <reporter-output>
          </reporter-output>
        </test-method> <!-- closedBrowser -->
      </class> <!-- pack123.Test456 -->
    </test> <!-- edgeTest(failed) -->
    <test started-at="2022-03-10T18:28:12 IST" name="operaTest(failed)" finished-at="2022-03-10T18:28:49 IST" duration-ms="37458">
      <class name="pack123.Test456">
        <test-method is-config="true" signature="launchBrowser(java.lang.String)[pri:0, instance:pack123.Test456@17497425]" started-at="2022-03-10T18:28:12 IST" name="launchBrowser" finished-at="2022-03-10T18:28:14 IST" duration-ms="2907" status="PASS">
          <params>
            <param index="0">
              <value>
                <![CDATA[opera]]>
              </value>
            </param>
          </params>
          <reporter-output>
          </reporter-output>
        </test-method> <!-- launchBrowser -->
        <test-method is-config="true" signature="createObjectOfPomClasses()[pri:0, instance:pack123.Test456@17497425]" started-at="2022-03-10T18:28:14 IST" name="createObjectOfPomClasses" finished-at="2022-03-10T18:28:14 IST" duration-ms="4" status="PASS">
          <reporter-output>
          </reporter-output>
        </test-method> <!-- createObjectOfPomClasses -->
        <test-method is-config="true" signature="loginToapplication()[pri:0, instance:pack123.Test456@17497425]" started-at="2022-03-10T18:28:14 IST" name="loginToapplication" finished-at="2022-03-10T18:28:38 IST" duration-ms="23130" status="PASS">
          <reporter-output>
          </reporter-output>
        </test-method> <!-- loginToapplication -->
        <test-method signature="verifyCreateUser()[pri:0, instance:pack123.Test456@17497425]" started-at="2022-03-10T18:28:38 IST" name="verifyCreateUser" finished-at="2022-03-10T18:28:43 IST" duration-ms="5834" status="PASS">
          <reporter-output>
          </reporter-output>
        </test-method> <!-- verifyCreateUser -->
        <test-method is-config="true" signature="logOut()[pri:0, instance:pack123.Test456@17497425]" started-at="2022-03-10T18:28:43 IST" name="logOut" finished-at="2022-03-10T18:28:48 IST" duration-ms="4796" status="PASS">
          <reporter-output>
          </reporter-output>
        </test-method> <!-- logOut -->
        <test-method is-config="true" signature="clearPomObject()[pri:0, instance:pack123.Test456@17497425]" started-at="2022-03-10T18:28:48 IST" name="clearPomObject" finished-at="2022-03-10T18:28:48 IST" duration-ms="0" status="PASS">
          <reporter-output>
          </reporter-output>
        </test-method> <!-- clearPomObject -->
        <test-method is-config="true" signature="closedBrowser()[pri:0, instance:pack123.Test456@17497425]" started-at="2022-03-10T18:28:48 IST" name="closedBrowser" finished-at="2022-03-10T18:28:49 IST" duration-ms="777" status="PASS">
          <reporter-output>
          </reporter-output>
        </test-method> <!-- closedBrowser -->
      </class> <!-- pack123.Test456 -->
    </test> <!-- operaTest(failed) -->
  </suite> <!-- Failed suite [Suite] -->
</testng-results>
