<?xml version="1.0" encoding="UTF-8"?>
<!-- Generated by org.testng.reporters.JUnitXMLReporter -->
<testsuite ignored="0" hostname="DESKTOP-62C5BVK" failures="0" tests="4" name="Test" time="72.038" errors="0" timestamp="2022-02-23T19:41:49 IST">
  <testcase classname="pack123.Test456" name="verifyCreateAnotherUser" time="6.637"/>
  <testcase classname="pack123.Test456" name="verifyCreateUser" time="7.653"/>
  <testcase classname="pack123.Test123" name="verifyReportTab" time="7.827"/>
  <testcase classname="pack123.Test123" name="verifyUserTab" time="4.248"/>
</testsuite> <!-- Test -->
